2026-02-10 18:25:27,019 - INFO - Borsa Robotu V3 baþlatýldý.
2026-02-10 18:37:04,470 - ERROR - HTTP Error 404: {"quoteSummary":{"result":null,"error":{"code":"Not Found","description":"Quote not found for symbol: AKSYG.IS"}}}
2026-02-10 18:37:05,172 - ERROR - $AKSYG.IS: possibly delisted; no price data found  (period=1y) (Yahoo error = "No data found, symbol may be delisted")
2026-02-10 18:37:14,886 - ERROR - $ALMAD.IS: possibly delisted; no price data found  (period=1y) (Yahoo error = "No data found, symbol may be delisted")
2026-02-10 18:37:20,077 - ERROR - $ANKTM.IS: possibly delisted; no price data found  (period=1y) (Yahoo error = "No data found, symbol may be delisted")
2026-02-10 18:37:20,592 - ERROR - HTTP Error 404: {"quoteSummary":{"result":null,"error":{"code":"Not Found","description":"Quote not found for symbol: ANKTM.IS"}}}
2026-02-10 18:37:24,203 - ERROR - $ANTENE.IS: possibly delisted; no price data found  (period=1y) (Yahoo error = "No data found, symbol may be delisted")
2026-02-10 18:37:24,735 - ERROR - HTTP Error 404: {"quoteSummary":{"result":null,"error":{"code":"Not Found","description":"Quote not found for symbol: ANTENE.IS"}}}
2026-02-10 18:37:32,309 - ERROR - $ASCEG.IS: possibly delisted; no price data found  (period=1y) (Yahoo error = "No data found, symbol may be delisted")
2026-02-10 18:37:32,833 - ERROR - HTTP Error 404: {"quoteSummary":{"result":null,"error":{"code":"Not Found","description":"Quote not found for symbol: ASCEG.IS"}}}
2026-02-10 18:38:02,239 - ERROR - $BEBEK.IS: possibly delisted; no price data found  (period=1y) (Yahoo error = "No data found, symbol may be delisted")
2026-02-10 18:38:02,770 - ERROR - HTTP Error 404: {"quoteSummary":{"result":null,"error":{"code":"Not Found","description":"Quote not found for symbol: BEBEK.IS"}}}
2026-02-10 18:38:07,200 - ERROR - $BIENP.IS: possibly delisted; no price data found  (period=1y) (Yahoo error = "No data found, symbol may be delisted")
2026-02-10 18:38:07,751 - ERROR - HTTP Error 404: {"quoteSummary":{"result":null,"error":{"code":"Not Found","description":"Quote not found for symbol: BIENP.IS"}}}
2026-02-10 18:38:16,568 - ERROR - $BMTKS.IS: possibly delisted; no price data found  (period=1y) (Yahoo error = "No data found, symbol may be delisted")
2026-02-10 18:38:17,106 - ERROR - HTTP Error 404: {"quoteSummary":{"result":null,"error":{"code":"Not Found","description":"Quote not found for symbol: BMTKS.IS"}}}
2026-02-10 18:38:18,480 - ERROR - $BNASL.IS: possibly delisted; no price data found  (period=1y) (Yahoo error = "No data found, symbol may be delisted")
2026-02-10 18:38:19,015 - ERROR - HTTP Error 404: {"quoteSummary":{"result":null,"error":{"code":"Not Found","description":"Quote not found for symbol: BNASL.IS"}}}
2026-02-10 18:38:46,793 - ERROR - $CENIT.IS: possibly delisted; no price data found  (period=1y) (Yahoo error = "No data found, symbol may be delisted")
2026-02-10 18:38:47,494 - ERROR - HTTP Error 404: {"quoteSummary":{"result":null,"error":{"code":"Not Found","description":"Quote not found for symbol: CENIT.IS"}}}
2026-02-10 18:38:54,551 - ERROR - Failed to get ticker 'CREDO.IS' reason: Failed to perform, curl: (23) Failure writing output to destination, passed 13 returned 0. See https://curl.se/libcurl/c/libcurl-errors.html first for more details.
2026-02-10 18:38:54,911 - ERROR - $CREDO.IS: possibly delisted; no price data found  (period=1y) (Yahoo error = "No data found, symbol may be delisted")
2026-02-10 18:38:55,433 - ERROR - HTTP Error 404: {"quoteSummary":{"result":null,"error":{"code":"Not Found","description":"Quote not found for symbol: CREDO.IS"}}}
2026-02-10 18:38:58,795 - ERROR - $DAGHL.IS: possibly delisted; no price data found  (period=1y) (Yahoo error = "No data found, symbol may be delisted")
2026-02-10 18:38:59,368 - ERROR - HTTP Error 404: {"quoteSummary":{"result":null,"error":{"code":"Not Found","description":"Quote not found for symbol: DAGHL.IS"}}}
2026-02-10 18:39:02,346 - ERROR - DARDL verisi çekilirken hata: 'NoneType' object is not subscriptable
2026-02-10 18:48:25,113 - INFO - Borsa Robotu V3 baþlatýldý.
2026-02-10 18:48:48,635 - ERROR - HTTP Error 404: {"quoteSummary":{"result":null,"error":{"code":"Not Found","description":"Quote not found for symbol: AKSYG.IS"}}}
2026-02-10 18:48:49,320 - ERROR - $AKSYG.IS: possibly delisted; no price data found  (period=1y) (Yahoo error = "No data found, symbol may be delisted")
2026-02-10 18:49:00,084 - ERROR - $ALMAD.IS: possibly delisted; no price data found  (period=1y) (Yahoo error = "No data found, symbol may be delisted")
2026-02-10 18:49:05,757 - ERROR - $ANKTM.IS: possibly delisted; no price data found  (period=1y) (Yahoo error = "No data found, symbol may be delisted")
2026-02-10 18:49:06,277 - ERROR - HTTP Error 404: {"quoteSummary":{"result":null,"error":{"code":"Not Found","description":"Quote not found for symbol: ANKTM.IS"}}}
2026-02-10 18:49:09,940 - ERROR - $ANTENE.IS: possibly delisted; no price data found  (period=1y) (Yahoo error = "No data found, symbol may be delisted")
2026-02-10 18:49:10,624 - ERROR - HTTP Error 404: {"quoteSummary":{"result":null,"error":{"code":"Not Found","description":"Quote not found for symbol: ANTENE.IS"}}}
2026-02-10 18:49:18,442 - ERROR - $ASCEG.IS: possibly delisted; no price data found  (period=1y) (Yahoo error = "No data found, symbol may be delisted")
2026-02-10 18:49:18,989 - ERROR - HTTP Error 404: {"quoteSummary":{"result":null,"error":{"code":"Not Found","description":"Quote not found for symbol: ASCEG.IS"}}}
2026-02-10 18:49:49,653 - ERROR - $BEBEK.IS: possibly delisted; no price data found  (period=1y) (Yahoo error = "No data found, symbol may be delisted")
2026-02-10 18:49:50,207 - ERROR - HTTP Error 404: {"quoteSummary":{"result":null,"error":{"code":"Not Found","description":"Quote not found for symbol: BEBEK.IS"}}}
2026-02-10 18:49:54,970 - ERROR - $BIENP.IS: possibly delisted; no price data found  (period=1y) (Yahoo error = "No data found, symbol may be delisted")
2026-02-10 18:49:55,503 - ERROR - HTTP Error 404: {"quoteSummary":{"result":null,"error":{"code":"Not Found","description":"Quote not found for symbol: BIENP.IS"}}}
2026-02-10 18:50:04,305 - ERROR - $BMTKS.IS: possibly delisted; no price data found  (period=1y) (Yahoo error = "No data found, symbol may be delisted")
2026-02-10 18:50:04,893 - ERROR - HTTP Error 404: {"quoteSummary":{"result":null,"error":{"code":"Not Found","description":"Quote not found for symbol: BMTKS.IS"}}}
2026-02-10 18:50:06,373 - ERROR - $BNASL.IS: possibly delisted; no price data found  (period=1y) (Yahoo error = "No data found, symbol may be delisted")
2026-02-10 18:50:06,927 - ERROR - HTTP Error 404: {"quoteSummary":{"result":null,"error":{"code":"Not Found","description":"Quote not found for symbol: BNASL.IS"}}}
2026-02-10 18:50:35,627 - ERROR - $CENIT.IS: possibly delisted; no price data found  (period=1y) (Yahoo error = "No data found, symbol may be delisted")
2026-02-10 18:50:36,287 - ERROR - HTTP Error 404: {"quoteSummary":{"result":null,"error":{"code":"Not Found","description":"Quote not found for symbol: CENIT.IS"}}}
2026-02-10 18:50:44,126 - ERROR - $CREDO.IS: possibly delisted; no price data found  (period=1y) (Yahoo error = "No data found, symbol may be delisted")
2026-02-10 18:50:44,708 - ERROR - HTTP Error 404: {"quoteSummary":{"result":null,"error":{"code":"Not Found","description":"Quote not found for symbol: CREDO.IS"}}}
2026-02-10 18:50:48,646 - ERROR - $DAGHL.IS: possibly delisted; no price data found  (period=1y) (Yahoo error = "No data found, symbol may be delisted")
2026-02-10 18:50:49,179 - ERROR - HTTP Error 404: {"quoteSummary":{"result":null,"error":{"code":"Not Found","description":"Quote not found for symbol: DAGHL.IS"}}}
2026-02-10 18:51:02,852 - ERROR - $DOBUR.IS: possibly delisted; no price data found  (period=1y) (Yahoo error = "No data found, symbol may be delisted")
2026-02-10 18:51:03,663 - ERROR - HTTP Error 404: {"quoteSummary":{"result":null,"error":{"code":"Not Found","description":"Quote not found for symbol: DOBUR.IS"}}}
2026-02-10 18:51:05,374 - ERROR - $DCOIT.IS: possibly delisted; no price data found  (period=1y) (Yahoo error = "No data found, symbol may be delisted")
2026-02-10 18:51:06,034 - ERROR - HTTP Error 404: {"quoteSummary":{"result":null,"error":{"code":"Not Found","description":"Quote not found for symbol: DCOIT.IS"}}}
2026-02-10 18:51:57,433 - ERROR - $GAYE.IS: possibly delisted; no price data found  (period=1y) (Yahoo error = "No data found, symbol may be delisted")
2026-02-10 18:51:58,007 - ERROR - HTTP Error 404: {"quoteSummary":{"result":null,"error":{"code":"Not Found","description":"Quote not found for symbol: GAYE.IS"}}}
2026-02-10 18:52:38,362 - ERROR - $IDEAS.IS: possibly delisted; no price data found  (period=1y) (Yahoo error = "No data found, symbol may be delisted")
2026-02-10 18:52:45,114 - ERROR - IHLGM analiz edilirken beklenmedik hata: '<' not supported between instances of 'int' and 'str'
2026-02-10 18:52:54,665 - ERROR - $IPEKE.IS: possibly delisted; no price data found  (period=1y) (Yahoo error = "No data found, symbol may be delisted")
2026-02-10 18:52:55,204 - ERROR - HTTP Error 404: {"quoteSummary":{"result":null,"error":{"code":"Not Found","description":"Quote not found for symbol: IPEKE.IS"}}}
2026-02-10 18:52:56,558 - ERROR - ISATR analiz edilirken beklenmedik hata: '<' not supported between instances of 'int' and 'str'
2026-02-10 18:52:57,577 - ERROR - ISBTR analiz edilirken beklenmedik hata: '<' not supported between instances of 'int' and 'str'
2026-02-10 18:53:08,284 - ERROR - $ITTFH.IS: possibly delisted; no price data found  (period=1y) (Yahoo error = "No data found, symbol may be delisted")
2026-02-10 18:53:16,592 - ERROR - $KARYE.IS: possibly delisted; no price data found  (period=1y) (Yahoo error = "No data found, symbol may be delisted")
2026-02-10 18:53:23,739 - ERROR - $KERVT.IS: possibly delisted; no price data found  (period=1y) (Yahoo error = "No data found, symbol may be delisted")
2026-02-10 18:53:34,422 - ERROR - $KLYS.IS: possibly delisted; no price data found  (period=1y) (Yahoo error = "No data found, symbol may be delisted")
2026-02-10 18:53:35,110 - ERROR - HTTP Error 404: {"quoteSummary":{"result":null,"error":{"code":"Not Found","description":"Quote not found for symbol: KLYS.IS"}}}
2026-02-10 18:53:36,844 - ERROR - $KMEPU.IS: possibly delisted; no price data found  (period=1y) (Yahoo error = "No data found, symbol may be delisted")
2026-02-10 18:53:37,450 - ERROR - HTTP Error 404: {"quoteSummary":{"result":null,"error":{"code":"Not Found","description":"Quote not found for symbol: KMEPU.IS"}}}
2026-02-10 18:53:40,027 - ERROR - $KOCAER.IS: possibly delisted; no price data found  (period=1y) (Yahoo error = "No data found, symbol may be delisted")
2026-02-10 18:53:40,631 - ERROR - HTTP Error 404: {"quoteSummary":{"result":null,"error":{"code":"Not Found","description":"Quote not found for symbol: KOCAER.IS"}}}
2026-02-10 18:53:46,763 - ERROR - $KOZAA.IS: possibly delisted; no price data found  (period=1y) (Yahoo error = "No data found, symbol may be delisted")
2026-02-10 18:53:47,496 - ERROR - HTTP Error 404: {"quoteSummary":{"result":null,"error":{"code":"Not Found","description":"Quote not found for symbol: KOZAA.IS"}}}
2026-02-10 18:53:49,023 - ERROR - $KOZAL.IS: possibly delisted; no price data found  (period=1y) (Yahoo error = "No data found, symbol may be delisted")
2026-02-10 18:53:49,725 - ERROR - HTTP Error 404: {"quoteSummary":{"result":null,"error":{"code":"Not Found","description":"Quote not found for symbol: KOZAL.IS"}}}
2026-02-10 18:53:51,320 - ERROR - $KPOWR.IS: possibly delisted; no price data found  (period=1y) (Yahoo error = "No data found, symbol may be delisted")
2026-02-10 18:53:52,115 - ERROR - HTTP Error 404: {"quoteSummary":{"result":null,"error":{"code":"Not Found","description":"Quote not found for symbol: KPOWR.IS"}}}
2026-02-10 18:54:33,897 - ERROR - $METUR.IS: possibly delisted; no price data found  (period=1y) (Yahoo error = "No data found, symbol may be delisted")
2026-02-10 18:54:34,455 - ERROR - HTTP Error 404: {"quoteSummary":{"result":null,"error":{"code":"Not Found","description":"Quote not found for symbol: METUR.IS"}}}
2026-02-10 18:54:38,051 - ERROR - $MIPAZ.IS: possibly delisted; no price data found  (period=1y) (Yahoo error = "No data found, symbol may be delisted")
2026-02-10 18:55:23,533 - ERROR - $PEGYO.IS: possibly delisted; no price data found  (period=1y) (Yahoo error = "No data found, symbol may be delisted")
2026-02-10 18:55:47,641 - ERROR - $RAYYS.IS: possibly delisted; no price data found  (period=1y) (Yahoo error = "No data found, symbol may be delisted")
2026-02-10 18:55:48,184 - ERROR - HTTP Error 404: {"quoteSummary":{"result":null,"error":{"code":"Not Found","description":"Quote not found for symbol: RAYYS.IS"}}}
2026-02-10 18:56:17,208 - ERROR - SARKY analiz edilirken beklenmedik hata: '<' not supported between instances of 'int' and 'str'
2026-02-10 18:56:24,669 - ERROR - $SELGD.IS: possibly delisted; no price data found  (period=1y) (Yahoo error = "No data found, symbol may be delisted")
2026-02-10 18:56:25,258 - ERROR - HTTP Error 404: {"quoteSummary":{"result":null,"error":{"code":"Not Found","description":"Quote not found for symbol: SELGD.IS"}}}
2026-02-10 18:56:37,261 - ERROR - $SNKPA.IS: possibly delisted; no price data found  (period=1y) (Yahoo error = "No data found, symbol may be delisted")
2026-02-10 18:56:38,012 - ERROR - HTTP Error 404: {"quoteSummary":{"result":null,"error":{"code":"Not Found","description":"Quote not found for symbol: SNKPA.IS"}}}
2026-02-10 18:56:53,987 - ERROR - $TBPUR.IS: possibly delisted; no price data found  (period=1y) (Yahoo error = "No data found, symbol may be delisted")
2026-02-10 18:56:54,640 - ERROR - HTTP Error 404: {"quoteSummary":{"result":null,"error":{"code":"Not Found","description":"Quote not found for symbol: TBPUR.IS"}}}
2026-02-10 18:56:59,456 - ERROR - $TETMT.IS: possibly delisted; no price data found  (period=1y) (Yahoo error = "No data found, symbol may be delisted")
2026-02-10 18:57:01,145 - ERROR - $TFFRK.IS: possibly delisted; no price data found  (period=1y) (Yahoo error = "No data found, symbol may be delisted")
2026-02-10 18:57:01,702 - ERROR - HTTP Error 404: {"quoteSummary":{"result":null,"error":{"code":"Not Found","description":"Quote not found for symbol: TFFRK.IS"}}}
2026-02-10 18:57:05,422 - ERROR - $TIRE.IS: possibly delisted; no price data found  (period=1y) (Yahoo error = "No data found, symbol may be delisted")
2026-02-10 18:57:27,732 - ERROR - $ULFA.IS: possibly delisted; no price data found  (period=1y) (Yahoo error = "No data found, symbol may be delisted")
2026-02-10 18:57:28,322 - ERROR - HTTP Error 404: {"quoteSummary":{"result":null,"error":{"code":"Not Found","description":"Quote not found for symbol: ULFA.IS"}}}
2026-02-10 18:57:30,844 - ERROR - $ULLY.IS: possibly delisted; no price data found  (period=1y) (Yahoo error = "No data found, symbol may be delisted")
2026-02-10 18:57:31,449 - ERROR - HTTP Error 404: {"quoteSummary":{"result":null,"error":{"code":"Not Found","description":"Quote not found for symbol: ULLY.IS"}}}
2026-02-10 18:57:35,341 - ERROR - $ULUYO.IS: possibly delisted; no price data found  (period=1y) (Yahoo error = "No data found, symbol may be delisted")
2026-02-10 18:57:35,995 - ERROR - HTTP Error 404: {"quoteSummary":{"result":null,"error":{"code":"Not Found","description":"Quote not found for symbol: ULUYO.IS"}}}
2026-02-10 18:57:43,767 - ERROR - $VBTYO.IS: possibly delisted; no price data found  (period=1y) (Yahoo error = "No data found, symbol may be delisted")
2026-02-10 18:57:44,565 - ERROR - HTTP Error 404: {"quoteSummary":{"result":null,"error":{"code":"Not Found","description":"Quote not found for symbol: VBTYO.IS"}}}
2026-02-10 18:58:05,877 - ERROR - $YOTAS.IS: possibly delisted; no price data found  (period=1y) (Yahoo error = "No data found, symbol may be delisted")
2026-02-10 18:58:06,421 - ERROR - HTTP Error 404: {"quoteSummary":{"result":null,"error":{"code":"Not Found","description":"Quote not found for symbol: YOTAS.IS"}}}
2026-02-10 18:58:13,489 - INFO - WhatsApp bildirimi baþarýyla gönderildi.
2026-02-10 19:18:55,614 - INFO - Borsa Robotu V3 baþlatýldý.
2026-02-10 19:19:20,386 - ERROR - HTTP Error 404: {"quoteSummary":{"result":null,"error":{"code":"Not Found","description":"Quote not found for symbol: AKSYG.IS"}}}
2026-02-10 19:19:21,153 - ERROR - $AKSYG.IS: possibly delisted; no price data found  (period=1y) (Yahoo error = "No data found, symbol may be delisted")
2026-02-10 19:19:32,202 - ERROR - $ALMAD.IS: possibly delisted; no price data found  (period=1y) (Yahoo error = "No data found, symbol may be delisted")
2026-02-10 19:19:37,686 - ERROR - $ANKTM.IS: possibly delisted; no price data found  (period=1y) (Yahoo error = "No data found, symbol may be delisted")
2026-02-10 19:19:38,214 - ERROR - HTTP Error 404: {"quoteSummary":{"result":null,"error":{"code":"Not Found","description":"Quote not found for symbol: ANKTM.IS"}}}
2026-02-10 19:19:42,266 - ERROR - $ANTENE.IS: possibly delisted; no price data found  (period=1y) (Yahoo error = "No data found, symbol may be delisted")
2026-02-10 19:19:42,861 - ERROR - HTTP Error 404: {"quoteSummary":{"result":null,"error":{"code":"Not Found","description":"Quote not found for symbol: ANTENE.IS"}}}
2026-02-10 19:19:50,730 - ERROR - $ASCEG.IS: possibly delisted; no price data found  (period=1y) (Yahoo error = "No data found, symbol may be delisted")
2026-02-10 19:19:51,261 - ERROR - HTTP Error 404: {"quoteSummary":{"result":null,"error":{"code":"Not Found","description":"Quote not found for symbol: ASCEG.IS"}}}
2026-02-10 19:20:22,635 - ERROR - $BEBEK.IS: possibly delisted; no price data found  (period=1y) (Yahoo error = "No data found, symbol may be delisted")
2026-02-10 19:20:23,164 - ERROR - HTTP Error 404: {"quoteSummary":{"result":null,"error":{"code":"Not Found","description":"Quote not found for symbol: BEBEK.IS"}}}
2026-02-10 19:20:28,269 - ERROR - $BIENP.IS: possibly delisted; no price data found  (period=1y) (Yahoo error = "No data found, symbol may be delisted")
2026-02-10 19:20:28,792 - ERROR - HTTP Error 404: {"quoteSummary":{"result":null,"error":{"code":"Not Found","description":"Quote not found for symbol: BIENP.IS"}}}
2026-02-10 19:20:37,705 - ERROR - $BMTKS.IS: possibly delisted; no price data found  (period=1y) (Yahoo error = "No data found, symbol may be delisted")
2026-02-10 19:20:38,456 - ERROR - HTTP Error 404: {"quoteSummary":{"result":null,"error":{"code":"Not Found","description":"Quote not found for symbol: BMTKS.IS"}}}
2026-02-10 19:20:39,888 - ERROR - $BNASL.IS: possibly delisted; no price data found  (period=1y) (Yahoo error = "No data found, symbol may be delisted")
2026-02-10 19:20:40,524 - ERROR - HTTP Error 404: {"quoteSummary":{"result":null,"error":{"code":"Not Found","description":"Quote not found for symbol: BNASL.IS"}}}
2026-02-10 19:21:10,240 - ERROR - $CENIT.IS: possibly delisted; no price data found  (period=1y) (Yahoo error = "No data found, symbol may be delisted")
2026-02-10 19:21:11,262 - ERROR - HTTP Error 404: {"quoteSummary":{"result":null,"error":{"code":"Not Found","description":"Quote not found for symbol: CENIT.IS"}}}
2026-02-10 19:21:19,410 - ERROR - $CREDO.IS: possibly delisted; no price data found  (period=1y) (Yahoo error = "No data found, symbol may be delisted")
2026-02-10 19:21:19,948 - ERROR - HTTP Error 404: {"quoteSummary":{"result":null,"error":{"code":"Not Found","description":"Quote not found for symbol: CREDO.IS"}}}
2026-02-10 19:21:23,553 - ERROR - $DAGHL.IS: possibly delisted; no price data found  (period=1y) (Yahoo error = "No data found, symbol may be delisted")
2026-02-10 19:21:24,413 - ERROR - HTTP Error 404: {"quoteSummary":{"result":null,"error":{"code":"Not Found","description":"Quote not found for symbol: DAGHL.IS"}}}
2026-02-10 19:21:37,787 - ERROR - $DOBUR.IS: possibly delisted; no price data found  (period=1y) (Yahoo error = "No data found, symbol may be delisted")
2026-02-10 19:21:38,470 - ERROR - HTTP Error 404: {"quoteSummary":{"result":null,"error":{"code":"Not Found","description":"Quote not found for symbol: DOBUR.IS"}}}
2026-02-10 19:21:39,901 - ERROR - $DCOIT.IS: possibly delisted; no price data found  (period=1y) (Yahoo error = "No data found, symbol may be delisted")
2026-02-10 19:21:40,432 - ERROR - HTTP Error 404: {"quoteSummary":{"result":null,"error":{"code":"Not Found","description":"Quote not found for symbol: DCOIT.IS"}}}
2026-02-10 19:22:32,340 - ERROR - $GAYE.IS: possibly delisted; no price data found  (period=1y) (Yahoo error = "No data found, symbol may be delisted")
2026-02-10 19:22:34,122 - ERROR - HTTP Error 404: {"quoteSummary":{"result":null,"error":{"code":"Not Found","description":"Quote not found for symbol: GAYE.IS"}}}
2026-02-10 19:23:17,311 - ERROR - $IDEAS.IS: possibly delisted; no price data found  (period=1y) (Yahoo error = "No data found, symbol may be delisted")
2026-02-10 19:23:24,443 - ERROR - IHLGM analiz edilirken beklenmedik hata: '<' not supported between instances of 'int' and 'str'
2026-02-10 19:23:35,040 - ERROR - $IPEKE.IS: possibly delisted; no price data found  (period=1y) (Yahoo error = "No data found, symbol may be delisted")
2026-02-10 19:23:35,702 - ERROR - HTTP Error 404: {"quoteSummary":{"result":null,"error":{"code":"Not Found","description":"Quote not found for symbol: IPEKE.IS"}}}
2026-02-10 19:23:37,191 - ERROR - ISATR analiz edilirken beklenmedik hata: '<' not supported between instances of 'int' and 'str'
2026-02-10 19:23:38,214 - ERROR - ISBTR analiz edilirken beklenmedik hata: '<' not supported between instances of 'int' and 'str'
2026-02-10 19:23:49,029 - ERROR - $ITTFH.IS: possibly delisted; no price data found  (period=1y) (Yahoo error = "No data found, symbol may be delisted")
2026-02-10 19:23:57,393 - ERROR - $KARYE.IS: possibly delisted; no price data found  (period=1y) (Yahoo error = "No data found, symbol may be delisted")
2026-02-10 19:24:04,945 - ERROR - $KERVT.IS: possibly delisted; no price data found  (period=1y) (Yahoo error = "No data found, symbol may be delisted")
2026-02-10 19:24:15,099 - ERROR - $KLYS.IS: possibly delisted; no price data found  (period=1y) (Yahoo error = "No data found, symbol may be delisted")
2026-02-10 19:24:15,798 - ERROR - HTTP Error 404: {"quoteSummary":{"result":null,"error":{"code":"Not Found","description":"Quote not found for symbol: KLYS.IS"}}}
2026-02-10 19:24:17,277 - ERROR - $KMEPU.IS: possibly delisted; no price data found  (period=1y) (Yahoo error = "No data found, symbol may be delisted")
2026-02-10 19:24:17,885 - ERROR - HTTP Error 404: {"quoteSummary":{"result":null,"error":{"code":"Not Found","description":"Quote not found for symbol: KMEPU.IS"}}}
2026-02-10 19:24:20,348 - ERROR - $KOCAER.IS: possibly delisted; no price data found  (period=1y) (Yahoo error = "No data found, symbol may be delisted")
2026-02-10 19:24:21,082 - ERROR - HTTP Error 404: {"quoteSummary":{"result":null,"error":{"code":"Not Found","description":"Quote not found for symbol: KOCAER.IS"}}}
2026-02-10 19:24:27,225 - ERROR - $KOZAA.IS: possibly delisted; no price data found  (period=1y) (Yahoo error = "No data found, symbol may be delisted")
2026-02-10 19:24:27,948 - ERROR - HTTP Error 404: {"quoteSummary":{"result":null,"error":{"code":"Not Found","description":"Quote not found for symbol: KOZAA.IS"}}}
2026-02-10 19:24:29,468 - ERROR - $KOZAL.IS: possibly delisted; no price data found  (period=1y) (Yahoo error = "No data found, symbol may be delisted")
2026-02-10 19:24:30,049 - ERROR - HTTP Error 404: {"quoteSummary":{"result":null,"error":{"code":"Not Found","description":"Quote not found for symbol: KOZAL.IS"}}}
2026-02-10 19:24:31,601 - ERROR - $KPOWR.IS: possibly delisted; no price data found  (period=1y) (Yahoo error = "No data found, symbol may be delisted")
2026-02-10 19:24:32,333 - ERROR - HTTP Error 404: {"quoteSummary":{"result":null,"error":{"code":"Not Found","description":"Quote not found for symbol: KPOWR.IS"}}}
2026-02-10 19:25:14,171 - ERROR - $METUR.IS: possibly delisted; no price data found  (period=1y) (Yahoo error = "No data found, symbol may be delisted")
2026-02-10 19:25:14,720 - ERROR - HTTP Error 404: {"quoteSummary":{"result":null,"error":{"code":"Not Found","description":"Quote not found for symbol: METUR.IS"}}}
2026-02-10 19:25:18,883 - ERROR - $MIPAZ.IS: possibly delisted; no price data found  (period=1y) (Yahoo error = "No data found, symbol may be delisted")
2026-02-10 19:26:03,226 - ERROR - $PEGYO.IS: possibly delisted; no price data found  (period=1y) (Yahoo error = "No data found, symbol may be delisted")
2026-02-10 19:26:28,292 - ERROR - $RAYYS.IS: possibly delisted; no price data found  (period=1y) (Yahoo error = "No data found, symbol may be delisted")
2026-02-10 19:26:28,892 - ERROR - HTTP Error 404: {"quoteSummary":{"result":null,"error":{"code":"Not Found","description":"Quote not found for symbol: RAYYS.IS"}}}
2026-02-10 19:26:43,962 - ERROR - SARKY analiz edilirken beklenmedik hata: '<' not supported between instances of 'int' and 'str'
2026-02-10 19:26:51,767 - ERROR - $SELGD.IS: possibly delisted; no price data found  (period=1y) (Yahoo error = "No data found, symbol may be delisted")
2026-02-10 19:26:52,359 - ERROR - HTTP Error 404: {"quoteSummary":{"result":null,"error":{"code":"Not Found","description":"Quote not found for symbol: SELGD.IS"}}}
2026-02-10 19:27:04,639 - ERROR - $SNKPA.IS: possibly delisted; no price data found  (period=1y) (Yahoo error = "No data found, symbol may be delisted")
2026-02-10 19:27:05,167 - ERROR - HTTP Error 404: {"quoteSummary":{"result":null,"error":{"code":"Not Found","description":"Quote not found for symbol: SNKPA.IS"}}}
2026-02-10 19:27:21,537 - ERROR - $TBPUR.IS: possibly delisted; no price data found  (period=1y) (Yahoo error = "No data found, symbol may be delisted")
2026-02-10 19:27:22,168 - ERROR - HTTP Error 404: {"quoteSummary":{"result":null,"error":{"code":"Not Found","description":"Quote not found for symbol: TBPUR.IS"}}}
2026-02-10 19:27:27,411 - ERROR - $TETMT.IS: possibly delisted; no price data found  (period=1y) (Yahoo error = "No data found, symbol may be delisted")
2026-02-10 19:27:29,202 - ERROR - $TFFRK.IS: possibly delisted; no price data found  (period=1y) (Yahoo error = "No data found, symbol may be delisted")
2026-02-10 19:27:29,793 - ERROR - HTTP Error 404: {"quoteSummary":{"result":null,"error":{"code":"Not Found","description":"Quote not found for symbol: TFFRK.IS"}}}
2026-02-10 19:27:33,508 - ERROR - $TIRE.IS: possibly delisted; no price data found  (period=1y) (Yahoo error = "No data found, symbol may be delisted")
2026-02-10 19:27:55,703 - ERROR - $ULFA.IS: possibly delisted; no price data found  (period=1y) (Yahoo error = "No data found, symbol may be delisted")
2026-02-10 19:27:56,252 - ERROR - HTTP Error 404: {"quoteSummary":{"result":null,"error":{"code":"Not Found","description":"Quote not found for symbol: ULFA.IS"}}}
2026-02-10 19:27:58,815 - ERROR - $ULLY.IS: possibly delisted; no price data found  (period=1y) (Yahoo error = "No data found, symbol may be delisted")
2026-02-10 19:27:59,550 - ERROR - HTTP Error 404: {"quoteSummary":{"result":null,"error":{"code":"Not Found","description":"Quote not found for symbol: ULLY.IS"}}}
2026-02-10 19:28:03,437 - ERROR - $ULUYO.IS: possibly delisted; no price data found  (period=1y) (Yahoo error = "No data found, symbol may be delisted")
2026-02-10 19:28:04,098 - ERROR - HTTP Error 404: {"quoteSummary":{"result":null,"error":{"code":"Not Found","description":"Quote not found for symbol: ULUYO.IS"}}}
2026-02-10 19:28:12,039 - ERROR - $VBTYO.IS: possibly delisted; no price data found  (period=1y) (Yahoo error = "No data found, symbol may be delisted")
2026-02-10 19:28:12,691 - ERROR - HTTP Error 404: {"quoteSummary":{"result":null,"error":{"code":"Not Found","description":"Quote not found for symbol: VBTYO.IS"}}}
2026-02-10 19:28:33,985 - ERROR - $YOTAS.IS: possibly delisted; no price data found  (period=1y) (Yahoo error = "No data found, symbol may be delisted")
2026-02-10 19:28:34,533 - ERROR - HTTP Error 404: {"quoteSummary":{"result":null,"error":{"code":"Not Found","description":"Quote not found for symbol: YOTAS.IS"}}}
2026-02-10 19:28:41,615 - INFO - WhatsApp raporu baþarýyla gönderildi.
2026-02-10 19:30:05,274 - ERROR - $AKSYG.IS: possibly delisted; no price data found  (period=1y) (Yahoo error = "No data found, symbol may be delisted")
2026-02-10 19:30:05,984 - ERROR - HTTP Error 404: {"quoteSummary":{"result":null,"error":{"code":"Not Found","description":"Quote not found for symbol: AKSYG.IS"}}}
2026-02-10 19:30:16,216 - ERROR - $ALMAD.IS: possibly delisted; no price data found  (period=1y) (Yahoo error = "No data found, symbol may be delisted")
2026-02-10 19:30:22,319 - ERROR - $ANKTM.IS: possibly delisted; no price data found  (period=1y) (Yahoo error = "No data found, symbol may be delisted")
2026-02-10 19:30:22,851 - ERROR - HTTP Error 404: {"quoteSummary":{"result":null,"error":{"code":"Not Found","description":"Quote not found for symbol: ANKTM.IS"}}}
2026-02-10 19:30:26,475 - ERROR - $ANTENE.IS: possibly delisted; no price data found  (period=1y) (Yahoo error = "No data found, symbol may be delisted")
2026-02-10 19:30:27,003 - ERROR - HTTP Error 404: {"quoteSummary":{"result":null,"error":{"code":"Not Found","description":"Quote not found for symbol: ANTENE.IS"}}}
2026-02-10 19:30:35,203 - ERROR - $ASCEG.IS: possibly delisted; no price data found  (period=1y) (Yahoo error = "No data found, symbol may be delisted")
2026-02-10 19:30:35,736 - ERROR - HTTP Error 404: {"quoteSummary":{"result":null,"error":{"code":"Not Found","description":"Quote not found for symbol: ASCEG.IS"}}}
2026-02-10 19:31:05,902 - ERROR - $BEBEK.IS: possibly delisted; no price data found  (period=1y) (Yahoo error = "No data found, symbol may be delisted")
2026-02-10 19:31:06,436 - ERROR - HTTP Error 404: {"quoteSummary":{"result":null,"error":{"code":"Not Found","description":"Quote not found for symbol: BEBEK.IS"}}}
2026-02-10 19:31:11,171 - ERROR - $BIENP.IS: possibly delisted; no price data found  (period=1y) (Yahoo error = "No data found, symbol may be delisted")
2026-02-10 19:31:11,703 - ERROR - HTTP Error 404: {"quoteSummary":{"result":null,"error":{"code":"Not Found","description":"Quote not found for symbol: BIENP.IS"}}}
2026-02-10 19:31:20,866 - ERROR - $BMTKS.IS: possibly delisted; no price data found  (period=1y) (Yahoo error = "No data found, symbol may be delisted")
2026-02-10 19:31:21,415 - ERROR - HTTP Error 404: {"quoteSummary":{"result":null,"error":{"code":"Not Found","description":"Quote not found for symbol: BMTKS.IS"}}}
2026-02-10 19:31:22,902 - ERROR - $BNASL.IS: possibly delisted; no price data found  (period=1y) (Yahoo error = "No data found, symbol may be delisted")
2026-02-10 19:31:23,434 - ERROR - HTTP Error 404: {"quoteSummary":{"result":null,"error":{"code":"Not Found","description":"Quote not found for symbol: BNASL.IS"}}}
2026-02-10 19:31:52,522 - ERROR - $CENIT.IS: possibly delisted; no price data found  (period=1y) (Yahoo error = "No data found, symbol may be delisted")
2026-02-10 19:31:53,054 - ERROR - HTTP Error 404: {"quoteSummary":{"result":null,"error":{"code":"Not Found","description":"Quote not found for symbol: CENIT.IS"}}}
2026-02-10 19:32:01,267 - ERROR - $CREDO.IS: possibly delisted; no price data found  (period=1y) (Yahoo error = "No data found, symbol may be delisted")
2026-02-10 19:32:01,814 - ERROR - HTTP Error 404: {"quoteSummary":{"result":null,"error":{"code":"Not Found","description":"Quote not found for symbol: CREDO.IS"}}}
2026-02-10 19:32:05,399 - ERROR - $DAGHL.IS: possibly delisted; no price data found  (period=1y) (Yahoo error = "No data found, symbol may be delisted")
2026-02-10 19:32:05,932 - ERROR - HTTP Error 404: {"quoteSummary":{"result":null,"error":{"code":"Not Found","description":"Quote not found for symbol: DAGHL.IS"}}}
2026-02-10 19:32:19,443 - ERROR - $DOBUR.IS: possibly delisted; no price data found  (period=1y) (Yahoo error = "No data found, symbol may be delisted")
2026-02-10 19:32:20,060 - ERROR - HTTP Error 404: {"quoteSummary":{"result":null,"error":{"code":"Not Found","description":"Quote not found for symbol: DOBUR.IS"}}}
2026-02-10 19:32:21,645 - ERROR - $DCOIT.IS: possibly delisted; no price data found  (period=1y) (Yahoo error = "No data found, symbol may be delisted")
2026-02-10 19:32:22,258 - ERROR - HTTP Error 404: {"quoteSummary":{"result":null,"error":{"code":"Not Found","description":"Quote not found for symbol: DCOIT.IS"}}}
2026-02-10 19:33:14,203 - ERROR - $GAYE.IS: possibly delisted; no price data found  (period=1y) (Yahoo error = "No data found, symbol may be delisted")
2026-02-10 19:33:14,792 - ERROR - HTTP Error 404: {"quoteSummary":{"result":null,"error":{"code":"Not Found","description":"Quote not found for symbol: GAYE.IS"}}}
2026-02-10 19:33:50,790 - ERROR - HTTBT verisi çekilirken kritik hata: 'NoneType' object is not subscriptable
2026-02-10 19:41:19,259 - INFO - Borsa Robotu V3 baþlatýldý.
2026-02-10 19:41:29,978 - INFO - WhatsApp bildirimi baþarýyla gönderildi.
2026-02-10 19:41:34,662 - ERROR - HTTP Error 404: {"quoteSummary":{"result":null,"error":{"code":"Not Found","description":"Quote not found for symbol: KOZAL.IS"}}}
2026-02-10 19:41:35,298 - ERROR - $KOZAL.IS: possibly delisted; no price data found  (period=1y) (Yahoo error = "No data found, symbol may be delisted")
2026-02-10 19:41:39,785 - INFO - WhatsApp bildirimi baþarýyla gönderildi.
2026-02-10 19:41:41,437 - INFO - WhatsApp bildirimi baþarýyla gönderildi.
2026-02-10 19:41:47,024 - INFO - WhatsApp bildirimi baþarýyla gönderildi.
2026-02-10 20:15:37,097 - INFO - Borsa Robotu V3 baþlatýldý.
2026-02-10 20:15:48,719 - INFO - WhatsApp bildirimi baþarýyla gönderildi.
2026-02-10 20:15:53,722 - ERROR - HTTP Error 404: {"quoteSummary":{"result":null,"error":{"code":"Not Found","description":"Quote not found for symbol: KOZAL.IS"}}}
2026-02-10 20:15:54,455 - ERROR - $KOZAL.IS: possibly delisted; no price data found  (period=1y) (Yahoo error = "No data found, symbol may be delisted")
2026-02-10 20:15:59,011 - INFO - WhatsApp bildirimi baþarýyla gönderildi.
2026-02-10 20:16:00,544 - INFO - WhatsApp bildirimi baþarýyla gönderildi.
2026-02-10 20:16:06,853 - INFO - WhatsApp bildirimi baþarýyla gönderildi.
