2026-02-12 18:43:58,426 | BARUT_MAIN | INFO: BARUT Sistemi Başlatıldı. Sürüm: 1.0.0
2026-02-12 18:43:58,433 | BARUT_MAIN | INFO: BARUT Hafıza Kasası Hazır.
2026-02-12 18:43:58,434 | BARUT_MAIN | INFO: BARUT Finans Modülü Devreye Alındı.
2026-02-12 18:43:58,434 | BARUT_MAIN | INFO: BARUT İnternet Arama Modülü Hazır.
2026-02-12 18:43:58,434 | BARUT_MAIN | INFO: BARUT Vision Modülü Hazırlandı.
2026-02-12 18:43:58,434 | BARUT_MAIN | INFO: BARUT: Tüm modüller başarıyla sisteme entegre edildi.
2026-02-12 18:48:27,147 | BARUT_MAIN | INFO: ESEN.IS için veriler çekiliyor...
2026-02-12 18:49:10,762 | BARUT_MAIN | INFO: Tam üretim kodu (Production-ready) hazırlanıyor...
2026-02-12 18:50:07,980 | BARUT_MAIN | INFO: Tam üretim kodu (Production-ready) hazırlanıyor...
2026-02-12 19:00:51,381 | BARUT_MAIN | INFO: BARUT Sistemi Başlatıldı. Sürüm: 1.0.0
2026-02-12 19:00:51,381 | BARUT_MAIN | INFO: BARUT Hafıza Kasası Hazır.
2026-02-12 19:00:51,381 | BARUT_MAIN | INFO: BARUT Finans Modülü Devreye Alındı.
2026-02-12 19:00:51,381 | BARUT_MAIN | INFO: BARUT İnternet Arama Modülü Hazır.
2026-02-12 19:00:51,385 | BARUT_MAIN | INFO: BARUT Vision Modülü Hazırlandı.
2026-02-12 19:00:51,385 | BARUT_MAIN | INFO: BARUT: Tüm modüller başarıyla sisteme entegre edildi.
2026-02-12 19:04:00,287 | BARUT_MAIN | INFO: BARUT Sistemi Başlatıldı. Sürüm: 1.0.0
2026-02-12 19:04:00,299 | BARUT_MAIN | INFO: BARUT Hafıza Kasası Hazır.
2026-02-12 19:04:00,299 | BARUT_MAIN | INFO: BARUT Finans Modülü Devreye Alındı.
2026-02-12 19:04:00,300 | BARUT_MAIN | INFO: BARUT İnternet Arama Modülü Hazır.
2026-02-12 19:04:00,300 | BARUT_MAIN | INFO: BARUT Vision Modülü Hazırlandı.
2026-02-12 19:04:00,300 | BARUT_MAIN | INFO: BARUT: Tüm modüller başarıyla sisteme entegre edildi.
2026-02-12 19:07:49,523 | BARUT_MAIN | INFO: BARUT Sistemi Başlatıldı. Sürüm: 1.0.0
2026-02-12 19:07:49,523 | BARUT_MAIN | INFO: BARUT Hafıza Kasası Hazır.
2026-02-12 19:07:49,523 | BARUT_MAIN | INFO: BARUT Finans Modülü Devreye Alındı.
2026-02-12 19:07:49,523 | BARUT_MAIN | INFO: BARUT İnternet Arama Modülü Hazır.
2026-02-12 19:07:49,523 | BARUT_MAIN | INFO: BARUT Vision Modülü Hazırlandı.
2026-02-12 19:07:49,523 | BARUT_MAIN | INFO: BARUT: Tüm modüller başarıyla sisteme entegre edildi.
2026-02-12 19:10:22,345 | BARUT_MAIN | INFO: BARUT Sistemi Başlatıldı. Sürüm: 1.0.0
2026-02-12 19:10:22,345 | BARUT_MAIN | INFO: BARUT Hafıza Kasası Hazır.
2026-02-12 19:10:22,346 | BARUT_MAIN | INFO: BARUT Finans Modülü Devreye Alındı.
2026-02-12 19:10:22,346 | BARUT_MAIN | INFO: BARUT İnternet Arama Modülü Hazır.
2026-02-12 19:10:22,346 | BARUT_MAIN | INFO: BARUT Vision Modülü Hazırlandı.
2026-02-12 19:10:22,346 | BARUT_MAIN | INFO: BARUT: Tüm modüller başarıyla sisteme entegre edildi.
2026-02-12 19:13:18,211 | BARUT_MAIN | INFO: BARUT Sistemi Başlatıldı. Sürüm: 1.0.0
2026-02-12 19:13:18,212 | BARUT_MAIN | INFO: BARUT Hafıza Kasası Hazır.
2026-02-12 19:13:18,212 | BARUT_MAIN | INFO: BARUT Finans Modülü Devreye Alındı.
2026-02-12 19:13:18,212 | BARUT_MAIN | INFO: BARUT İnternet Arama Modülü Hazır.
2026-02-12 19:13:18,212 | BARUT_MAIN | INFO: BARUT Vision Modülü Hazırlandı.
2026-02-12 19:13:18,212 | BARUT_MAIN | INFO: BARUT: Tüm modüller başarıyla sisteme entegre edildi.
2026-02-12 19:15:33,547 | BARUT_MAIN | INFO: BARUT Sistemi Başlatıldı. Sürüm: 1.0.0
2026-02-12 19:15:33,548 | BARUT_MAIN | INFO: BARUT Hafıza Kasası Hazır.
2026-02-12 19:15:33,548 | BARUT_MAIN | INFO: BARUT Finans Modülü Devreye Alındı.
2026-02-12 19:15:33,548 | BARUT_MAIN | INFO: BARUT İnternet Arama Modülü Hazır.
2026-02-12 19:15:33,548 | BARUT_MAIN | INFO: BARUT Vision Modülü Hazırlandı.
2026-02-12 19:15:33,549 | BARUT_MAIN | INFO: BARUT: Tüm modüller başarıyla sisteme entegre edildi.
2026-02-12 19:18:20,955 | BARUT_MAIN | INFO: BARUT Sistemi Başlatıldı. Sürüm: 1.0.0
2026-02-12 19:18:20,956 | BARUT_MAIN | INFO: BARUT Hafıza Kasası Hazır.
2026-02-12 19:18:20,956 | BARUT_MAIN | INFO: BARUT Finans Modülü Devreye Alındı.
2026-02-12 19:18:20,957 | BARUT_MAIN | INFO: BARUT İnternet Arama Modülü Hazır.
2026-02-12 19:18:20,957 | BARUT_MAIN | INFO: BARUT Vision Modülü Hazırlandı.
2026-02-12 19:18:20,957 | BARUT_MAIN | INFO: BARUT: Tüm modüller başarıyla sisteme entegre edildi.
